Can't detect feature : กลิ่น (case:2, comment_id:1) from token : ['กลิ่น', 'ออ', 'กวา', 'นิ', 'ลา', 'อ่อน']
Can't detect feature : สี (case:9, comment_id:1) from token : ['กะ', 'จะ', 'สะสม', 'ให้', 'ครบ', 'ทุก', 'สี', 'จ้า']
Can't detect feature : สี (case:19, comment_id:1) from token : ['ตอนแรก', 'จะ', 'ซื้อ', 'สี', 'canes', 'แต่', 'หมด']
Can't detect feature : สี (case:19, comment_id:1) from token : ['ตัว', 'นี้', 'สี', 'ใกล้เคียง', 'เลย', 'สั่ง', 'มา', 'แทน']
Can't detect feature : สี (case:19, comment_id:1) from token : ['เหมาะ', 'กะ', 'คน', 'ผิว', 'สอง', 'สี']
Can't detect feature : สี (case:34, comment_id:1) from token : ['เดี๋ยว', 'จะ', 'ลอง', 'ซื้อ', 'สี', 'แนว', 'ส้ม', 'บ้าง']
Can't detect feature : สี (case:34, comment_id:1) from token : ['กลบ', 'สี', 'ปาก', 'มิด', 'ค่ะ']
Can't detect feature : สี (case:40, comment_id:1) from token : ['กลบ', 'สี', 'ปาก', 'มิด']
case 3
case 3
Can't detect feature : สี (case:80, comment_id:1) from token : ['แต', '่.', 'สี', 'ที่', 'ได้มา', 'มัน', 'ไม่เหมือน', 'กับ', 'ที่', 'เห็น', 'ใน', 'เว็บ']
Can't detect feature : สี (case:80, comment_id:1) from token : ['สี', 'คล้ายกัน', 'มาก', 'กับ', 'jordana']
Can't detect feature : สี (case:80, comment_id:1) from token : ['nyx', 'สี', 'ไหน', 'สี', 'นั้น']
Can't detect feature : สี (case:80, comment_id:1) from token : ['nyx', 'สี', 'ไหน', 'สี', 'นั้น']
Can't detect feature : สี (case:80, comment_id:1) from token : ['และ', 'ตอ', 'นที', '่เ', 'ห็', 'นแ', 'พ็', 'คเ', 'กจ', 'จาก', 'ใน', 'เว็บ', 'นึก', 'ว่า', 'สี', 'ที่', 'เห็น', 'คือ', 'สี', 'ของ', 'ลิ', 'ปสต', 'ิค', 'แต่', 'มัน', 'ไม่ใช่']
Can't detect feature : สี (case:80, comment_id:1) from token : ['และ', 'ตอ', 'นที', '่เ', 'ห็', 'นแ', 'พ็', 'คเ', 'กจ', 'จาก', 'ใน', 'เว็บ', 'นึก', 'ว่า', 'สี', 'ที่', 'เห็น', 'คือ', 'สี', 'ของ', 'ลิ', 'ปสต', 'ิค', 'แต่', 'มัน', 'ไม่ใช่']
Can't detect feature : สี (case:80, comment_id:1) from token : ['มัน', 'คือ', 'สี', 'ของ', 'หลอด']
case 3
case 3
Can't detect feature : สี (case:97, comment_id:1) from token : ['ไม', '่ค่อ', 'ยป', 'กปิก', 'สี', 'ปาก']
case 3
Can't detect feature : สี (case:109, comment_id:1) from token : ['สี', 'นี้', 'ปาก', 'เรา', 'ทา', 'แล้ว', 'ออก', 'โทน', 'เทา', 'อม', 'ม่วง']
Can't detect feature : สี (case:109, comment_id:1) from token : ['กลบ', 'สี', 'ปาก', 'มิด']
case 3
case 3
case 3
Can't detect feature : เนื้อ (case:118, comment_id:1) from token : ['เพราะ', 'กลัว', 'ผิดหวัง', 'กลับ', 'ลิป', 'จิ้ม', 'จุ่ม', 'กลัว', 'เนื้อ', 'แบบ', 'ไม่']
Can't detect feature : สี (case:118, comment_id:1) from token : ['เรา', 'ซื้อ', 'มา', 'สอง', 'สี', 'เพราะ', 'เป็น', 'คน', 'ชอบ', 'โทน', 'สีชมพู', 'คือ', 'สี']
case 3
case 3
case 3
Can't detect feature : สี (case:139, comment_id:1) from token : ['สี', 'นี้', 'เป็น', 'อะไร', 'ที่', 'เหมาะกับ', 'คน', 'ริม', 'ฝี', 'ปา', 'กคล้', 'ำด', 'ีอ่ะ']
Can't detect feature : สี (case:142, comment_id:1) from token : ['สี', 'โปร', 'ดดด']
Can't detect feature : สี (case:148, comment_id:1) from token : ['สี', 'ออก', 'แดง', 'เข้ม']
Can't detect feature : เนื้อ (case:151, comment_id:1) from token : ['เพราะ', 'กลัว', 'ผิดหวัง', 'กลับ', 'ลิป', 'จิ้ม', 'จุ่ม', 'กลัว', 'เนื้อ', 'แบบ', 'ไม่']
Can't detect feature : สี (case:151, comment_id:1) from token : ['เรา', 'ซื้อ', 'มา', 'สอง', 'สี', 'เพราะ', 'เป็น', 'คน', 'ชอบ', 'โทน', 'สีชมพู', 'คือ', 'สี']
Can't detect feature : เนื้อ (case:152, comment_id:1) from token : ['เนื้อ', 'ครีม', 'soft']
Can't detect feature : เนื้อ (case:152, comment_id:1) from token : ['ลักษณะ', 'เนื้อ', 'ลิ', 'ปส์', 'บำรุง', 'ปาก', 'มาก']
Can't detect feature : เนื้อ (case:153, comment_id:1) from token : ['เนื้อ', 'ครีม']
case 3
Can't detect feature : สี (case:153, comment_id:1) from token : ['เลือก', 'สี', 'ผิด', 'ไป', 'หน่อย']
Can't detect feature : สี (case:153, comment_id:1) from token : ['สี', 'นี้', 'อ่อน', 'ไป']
Can't detect feature : สี (case:153, comment_id:1) from token : ['ต้อง', 'ทา', 'ผสม', 'กับ', 'ลิป', 'สี', 'อื่น', 'เอา']
Can't detect feature : สี (case:155, comment_id:1) from token : ['สี', 'ออ', 'กเนื้', 'อแมต']
case 3
Can't detect feature : สี (case:173, comment_id:1) from token : ['ซื้อ', 'สี', 'อื่น', 'เพิ่ม', 'แน่นอน']
Can't detect feature : สี (case:179, comment_id:1) from token : ['สี', 'จะ', 'ออก', 'แดง', 'หน่อย']
Can't detect feature : สี (case:184, comment_id:1) from token : ['ผิว', 'สอง', 'สี']
case 3
Can't detect feature : สี (case:185, comment_id:1) from token : ['แต่', 'สี', 'ออก', 'น้ำตาล', 'นู้ด', 'ไป']
Can't detect feature : สี (case:192, comment_id:1) from token : ['เพราะ', 'เป็น', 'สี', 'ที่', 'ทา', 'ได้', 'ไม่', 'ยาก']
Can't detect feature : สี (case:193, comment_id:1) from token : ['สี', 'นู้ด', 'ออก', 'ส้ม', 'นิด']
Can't detect feature : สี (case:193, comment_id:1) from token : ['เป็น', 'นู้ด', 'อีก', 'สี', 'ที่', 'ทา', 'แล้ว', 'ไม่', 'ป่วย']
case 3
Can't detect feature : สี (case:195, comment_id:1) from token : ['สี', 'จืด', 'ธรรมชาติ']
Can't detect feature : สี (case:198, comment_id:1) from token : ['สี', 'เข้ม', 'ไปนิด']
Can't detect feature : สี (case:201, comment_id:1) from token : ['สี', 'พีช', 'นู๊ด']
Can't detect feature : กลิ่น (case:201, comment_id:1) from token : ['กลิ่น', 'หอมหวาน']
Can't detect feature : สี (case:203, comment_id:1) from token : ['สี', 'สวยม', 'มาก', 'ค่ะ']
case 3
Can't detect feature : สี (case:205, comment_id:1) from token : ['สี', 'ยอ', 'ดฮิต']
Can't detect feature : สี (case:206, comment_id:1) from token : ['สี', 'เหมือน']
Can't detect feature : สี (case:208, comment_id:1) from token : ['สี', 'ออก', 'ม่วง', 'เข้ม']
Can't detect feature : สี (case:212, comment_id:1) from token : ['สี', 'เหมือน', 'ที่', 'ฝรั่ง']
Can't detect feature : สี (case:214, comment_id:1) from token : ['สี', 'เข้ม', 'เกือบ', 'ดำ']
case 3
case 3
Can't detect feature : สี (case:217, comment_id:1) from token : ['เข้าใจ', 'ว่าจะ', 'ออก', 'สี', 'แด', 'งเ', 'ลืด', 'นก']
Can't detect feature : สี (case:220, comment_id:1) from token : ['ปาด', 'รอบ', 'เดียว', 'คือ', 'ได้', 'สี', 'เลย']
Can't detect feature : สี (case:227, comment_id:1) from token : ['สี', 'ธรรมชาติ', 'มาก', 'ค่ะ']
case 3
Can't detect feature : สี (case:231, comment_id:1) from token : ['คง', 'เป็น', 'สี', 'มัน', 'อ่อน']
Can't detect feature : สี (case:232, comment_id:1) from token : ['แต่', 'สี', 'ออก', 'ม่วง', 'เข้', 'มอม', 'แดง']
Can't detect feature : สี (case:233, comment_id:1) from token : ['สี', 'เข้ม']
Can't detect feature : สี (case:234, comment_id:1) from token : ['สี', 'ไม่เหมือน', 'ใน', 'รูป', 'เลย']
Can't detect feature : สี (case:238, comment_id:1) from token : ['สี', 'ออก', 'ม่วง', 'เข้ม', 'ดำ']
Can't detect feature : สี (case:240, comment_id:1) from token : ['สี', 'แรด', 'มาก', 'คะ']
Can't detect feature : เนื้อ (case:241, comment_id:1) from token : ['ต้อง', 'เอา', 'ไป', 'เขย่า', 'เอา', 'แปลง', 'เข้าไป', 'คน', 'กว่า', 'จะ', 'ได้', 'เนื้อ', 'ครีม', 'นาง', 'อยู่', 'ค่ะ']
case 3
Can't detect feature : สี (case:244, comment_id:1) from token : ['อาจจะ', 'มี', 'สี', 'เป็น', 'คราบ', 'นิด', 'ค่ะ']
Can't detect feature : สี (case:245, comment_id:1) from token : ['สี', 'ใน', 'รูป', 'กะ', 'สี', 'จริง', 'ไม่', 'ตรงกัน']
Can't detect feature : สี (case:245, comment_id:1) from token : ['สี', 'ใน', 'รูป', 'กะ', 'สี', 'จริง', 'ไม่', 'ตรงกัน']
Can't detect feature : สี (case:246, comment_id:1) from token : ['สี', 'ที', '่ด', 'ูใ', 'นเว็ป', 'กับ', 'สี', 'จริง', 'ไม่', 'ตรงกัน', 'ค่ะ']
Can't detect feature : สี (case:246, comment_id:1) from token : ['สี', 'ที', '่ด', 'ูใ', 'นเว็ป', 'กับ', 'สี', 'จริง', 'ไม่', 'ตรงกัน', 'ค่ะ']
Can't detect feature : สี (case:246, comment_id:1) from token : ['สี', 'จริง', 'จะ', 'ออก', 'ชมพู', 'แดง']
Can't detect feature : สี (case:247, comment_id:1) from token : ['ลิป', 'สี', 'อ่อน', 'มาก']
Can't detect feature : สี (case:251, comment_id:1) from token : ['สี', 'ไม่ค่อย', 'ตรงกับ', 'ที่', 'ปลอก', 'นะ', 'คะ']
Can't detect feature : สี (case:253, comment_id:1) from token : ['สี', 'เหมือน', 'CoCo', 'เลย']
Can't detect feature : เนื้อ (case:257, comment_id:1) from token : ['แต่', 'เนื้อ', 'ลิ', 'ป+', 'กลิ่น']
Can't detect feature : กลิ่น (case:257, comment_id:1) from token : ['แต่', 'เนื้อ', 'ลิ', 'ป+', 'กลิ่น']
Can't detect feature : สี (case:262, comment_id:1) from token : ['สี', 'นี้', 'แอบ', 'หายาก', 'อ่ะ']
case 3
Can't detect feature : สี (case:269, comment_id:1) from token : ['กลิ่น', 'หอม', 'เหมือน', 'ลูก', 'อม', 'ค่ะ', 'สี', 'อ่อน', 'น่ารัก']
Can't detect feature : สี (case:270, comment_id:1) from token : ['สี', 'นี้', 'ทา', 'แล้ว', 'แล', 'ดู', 'ไม่', 'ป่วย', 'ค่ะ']
Can't detect feature : สี (case:270, comment_id:1) from token : ['สี', 'มี', 'ความแน่น']
case 3
case 3
Can't detect feature : สี (case:286, comment_id:1) from token : ['แต่', 'กลบ', 'สี', 'ปาก', 'ไม่', 'มิด']
Can't detect feature : สี (case:287, comment_id:1) from token : ['สี', 'ออก', 'น้ำตาล', 'ชมพู', 'เลย']
Can't detect feature : ติด (case:288, comment_id:1) from token : ['ติด', 'ใจ', 'มาก']
Can't detect feature : สี (case:289, comment_id:1) from token : ['สี', 'เหมาะ', 'แก่', 'ทุก', 'โอกาส']
Can't detect feature : สี (case:292, comment_id:1) from token : ['ตั้งใจ', 'จะ', 'ซื้อ', 'สี', 'อื่น', 'เพิ่ม', 'อี', 'กแน', 'นอน']
Can't detect feature : สี (case:294, comment_id:1) from token : ['ชอบ', 'เนื้อ', 'ทาง่าย', 'กลบ', 'สี', 'ปาก']
case 3
case 3
case 3
case 3
Can't detect feature : สี (case:314, comment_id:1) from token : ['สี', 'ทา', 'ได้', 'ทุกวัน']
Can't detect feature : สี (case:319, comment_id:1) from token : ['แต่', 'ก็', 'ชอบ', 'ทา', 'ทับ', 'ลิปสติก', 'สี', 'เดียวกัน']
Can't detect feature : สี (case:328, comment_id:1) from token : ['ควร', 'มี', 'ให้', 'ครบ', 'ทุก', 'สี']
Can't detect feature : สี (case:329, comment_id:1) from token : ['คล้าย', 'สี', 'ปาก']
case 3
Can't detect feature : สี (case:331, comment_id:1) from token : ['สี', 'นี้', 'เหมาะ', 'กะ', 'ทุก', 'สีผิว', 'เลย']
Can't detect feature : เนื้อ (case:347, comment_id:1) from token : ['ตัว', 'เนื้อ', 'ลิป', 'ปิด', 'ร่องปาก', 'มิด']
Can't detect feature : สี (case:353, comment_id:1) from token : ['เป็น', 'สี', 'ที่', 'สามารถ', 'ทา', 'ได้', 'ทุกวัน']
Can't detect feature : สี (case:356, comment_id:1) from token : ['สี', 'โทน', 'สุภาพ']
Can't detect feature : สี (case:360, comment_id:1) from token : ['จริง', 'อยาก', 'ได้', 'สี', 'zurich', 'มากกว่า']
Can't detect feature : ติด (case:364, comment_id:1) from token : ['นู้ด', 'ติด', 'ชมพู']
Can't detect feature : เนื้อ (case:367, comment_id:1) from token : ['เป็น', 'ลิป', 'เนื้อ', 'จุ่ม']
Can't detect feature : สี (case:367, comment_id:1) from token : ['กลบ', 'สี', 'ปาก', 'ได้', 'มิด']
Can't detect feature : สี (case:367, comment_id:1) from token : ['ได้', 'สี', 'ตา', 'มร', 'ีว', 'ิว']
Can't detect feature : สี (case:370, comment_id:1) from token : ['สี', 'อ่อน', 'กว่า', 'ที่', 'คิด', 'ไปนิด', 'แต่', 'ทา', 'ทับ', 'สัก', 'สอง', 'รอบ', 'ก็ได้', 'สี', 'ถูกใจ']
Can't detect feature : สี (case:372, comment_id:1) from token : ['สี', 'นี้', 'จัด', 'ได้', 'เลย']
Can't detect feature : เนื้อ (case:378, comment_id:1) from token : ['เนื้อ', 'แปลก', 'เพราะ', 'ใช้', 'แล้ว', 'เป็น', 'คราบ', 'สุด']
Can't detect feature : สี (case:380, comment_id:1) from token : ['สี', 'แซ', 'บซ', 'ี๊ด']
Can't detect feature : ติด (case:380, comment_id:1) from token : ['ติด', 'ทน', 'ทาน', 'มาก', 'ดื่น', 'น้ำ', 'ลิป', 'ไม่', 'ติด', 'แก้']
Can't detect feature : ติด (case:380, comment_id:1) from token : ['ติด', 'หลอด', 'ผ่าน']
Can't detect feature : สี (case:383, comment_id:1) from token : ['แต่', 'กลบ', 'สี', 'ปาก', 'คล้ำ', 'ไม่', 'หมด']
case 3
Can't detect feature : สี (case:386, comment_id:1) from token : ['ทา', 'แล้ว', 'กลบ', 'สี', 'ปาก', 'เดิม']
Can't detect feature : สี (case:386, comment_id:1) from token : ['สี', 'ออก', 'ชมพู', 'แดง', 'เข้ม']
Can't detect feature : เนื้อ (case:388, comment_id:1) from token : ['เนื้อ', 'ลิป', 'ไม่', 'หนัก', 'มาก']
case 3
Can't detect feature : เนื้อ (case:393, comment_id:1) from token : ['เนื้อ', 'สี', 'เป็นธรรมชาติ', 'มาก', 'ค่ะ']
Can't detect feature : สี (case:393, comment_id:1) from token : ['เนื้อ', 'สี', 'เป็นธรรมชาติ', 'มาก', 'ค่ะ']
Can't detect feature : เนื้อ (case:399, comment_id:1) from token : ['เนื้อ', 'บาง']
Can't detect feature : สี (case:404, comment_id:1) from token : ['กลบ', 'สี', 'ปาก', 'คล้ำ', 'มิด']
case 3
case 3
Can't detect feature : เนื้อ (case:410, comment_id:1) from token : ['ชอบ', 'สัมผัส', 'เนื้อ', 'ลิป', 'ค่ะ']
Can't detect feature : เนื้อ (case:411, comment_id:1) from token : ['แต่', 'ตัว', 'เนื้อ', 'ลิป', 'ไม่', 'ได', '้แมตต์', 'สนิท']
Can't detect feature : สี (case:413, comment_id:1) from token : ['สี', 'นี้', 'ค่อนข้าง', 'ทา', 'ยาก']
Can't detect feature : ติด (case:418, comment_id:1) from token : ['ติด', 'ใจ']
Can't detect feature : เนื้อ (case:434, comment_id:1) from token : ['เนื้อ', 'ลิป']
Can't detect feature : ติด (case:440, comment_id:1) from token : ['สี', 'ติด', 'ปาก']
Can't detect feature : สี (case:443, comment_id:1) from token : ['เม็ด', 'สี', 'แน่']
Can't detect feature : สี (case:443, comment_id:1) from token : ['สี', 'ปาก', 'เข้', 'มก้', 'ทา', 'ได้', 'กลบ', 'มิด']
Can't detect feature : สี (case:447, comment_id:1) from token : ['จะ', 'สี', 'ออก', 'ชมพู']
Can't detect feature : สี (case:447, comment_id:1) from token : ['ส่วน', 'คน', 'ผิว', 'คล้ำ', 'จะ', 'ได้', 'สี', 'ออก', 'ม่วง']
case 3
Can't detect feature : สี (case:461, comment_id:1) from token : ['ปลื้ม', 'ลิปสติก', 'สี', 'นี้', 'มาก', 'เลย', 'ค่ะ']
Can't detect feature : สี (case:466, comment_id:1) from token : ['สำหรับ', 'ใคร', 'ที่', 'อยาก', 'ได้', 'สี', 'เจ็บ']
Can't detect feature : สี (case:472, comment_id:1) from token : ['สี', 'แซ', '่บ', 'ค่ะ']
Can't detect feature : สี (case:479, comment_id:1) from token : ['สี', 'เฉียบ', 'มา', 'กก']
Can't detect feature : สี (case:480, comment_id:1) from token : ['แต่', 'สี', 'ออก', 'ส้ม', 'อ่อน', 'ไป', 'นิดหน่อย']
Can't detect feature : สี (case:481, comment_id:1) from token : ['สี']
Can't detect feature : ติด (case:481, comment_id:1) from token : ['ควร', 'มี', 'ติด', 'ไว้', 'ประจำ', 'ตัว', 'เลย', 'น้า']
Can't detect feature : สี (case:482, comment_id:1) from token : ['กลบ', 'สี', 'ปาก', 'มิด']
Can't detect feature : สี (case:484, comment_id:1) from token : ['แต่', 'คน', 'ผิว', 'สอง', 'สี', 'ถึง', 'คล้ำ', 'เขียน', 'ขอบ', 'ปาก', 'ก่อน']
Can't detect feature : เนื้อ (case:484, comment_id:1) from token : ['ป', 'ล.', 'เนื้อ', 'โอ', 'เคน', 'ะเเต่', 'เรา', 'ใช้', 'แล้', 'วเ', 'ปน', 'คราบ']
case 3
case 3
Can't detect feature : สี (case:513, comment_id:1) from token : ['รัก', 'มาก', 'สี', 'นี้']
Can't detect feature : สี (case:514, comment_id:1) from token : ['ผิว', 'สอง', 'สี', 'ทา', 'ได้']
Can't detect feature : สี (case:514, comment_id:1) from token : ['เป็น', 'สี', 'ยอ', 'ดฮิต', 'ตลอด', 'การ']
Can't detect feature : สี (case:517, comment_id:1) from token : ['สี', 'โดน', 'ใจ']
case 3
Can't detect feature : สี (case:519, comment_id:1) from token : ['เพราะ', 'ทา', 'แล้ว', 'ไม่', 'เหมาะกับ', 'ผิว', 'สอง', 'สี', 'ค่ะ']
Can't detect feature : สี (case:520, comment_id:1) from token : ['จะ', 'ตาม', 'สอย', 'สี', 'ต่อไป', 'แน่นอน']
Can't detect feature : สี (case:527, comment_id:1) from token : ['สี', 'แน่น', 'กลบ', 'สี', 'ปาก', 'มิด']
case 3
Can't detect feature : เนื้อ (case:537, comment_id:1) from token : ['เนื้อ', 'สี', 'ไม่แน่น', 'เท่าไหร่']
Can't detect feature : สี (case:537, comment_id:1) from token : ['เนื้อ', 'สี', 'ไม่แน่น', 'เท่าไหร่']
Can't detect feature : ติด (case:537, comment_id:1) from token : ['ทา', 'แล้ว', 'ไม่ค่อย', 'ติด']
Can't detect feature : สี (case:538, comment_id:1) from token : ['สี', 'โปรด']
Can't detect feature : สี (case:541, comment_id:1) from token : ['เป็น', 'สี', 'ประจำ', 'ตัว', 'ไป', 'แล้ว']
Can't detect feature : สี (case:543, comment_id:1) from token : ['สี', 'มัน', 'ชมพู', 'กว่า', 'ที่', 'คิด']
Can't detect feature : สี (case:546, comment_id:1) from token : ['สี', 'น่ารัก', 'มาก', 'ค่ะ']
Can't detect feature : สี (case:549, comment_id:1) from token : ['ตอนแรก', 'เห็น', 'สี', 'มัน', 'ออก', 'ชมพู']
Can't detect feature : สี (case:549, comment_id:1) from token : ['สี', 'ไม่', 'โดด']
Can't detect feature : สี (case:549, comment_id:1) from token : ['ตอนนี้', 'ใช้', 'สี', 'นี้', 'ประ', 'จำเลย']
Can't detect feature : สี (case:550, comment_id:1) from token : ['สี', 'ออก', 'ชมพู', 'ระ', 'เรื่อ']
Can't detect feature : สี (case:550, comment_id:1) from token : ['ส่วนตัว', 'คิดว่า', 'สี', 'นี้', 'เหมาะกับ', 'ผู้ใหญ่', 'วัย', 'ทำงาน']
Can't detect feature : สี (case:551, comment_id:1) from token : ['สี', 'นี้', 'ไป', 'ได้', 'ทุก', 'งาน']
Can't detect feature : สี (case:563, comment_id:1) from token : ['แต่', 'สี', 'อ่อน', 'ไปนิด', 'ค่ะ']
Can't detect feature : สี (case:568, comment_id:1) from token : ['แต่', 'แก้', 'โดย', 'การ', 'ทา', 'ลิป', 'สี', 'ข้างใน']
Can't detect feature : สี (case:572, comment_id:1) from token : ['สี', 'โปรด', 'คะ']
Can't detect feature : สี (case:573, comment_id:1) from token : ['เป็น', 'สี', 'สุภาพ']
Can't detect feature : สี (case:576, comment_id:1) from token : ['ส', 'ีชั', 'ดม', 'าาก', 'เหมาะกับ', 'สาว', 'ผิว', 'สอง', 'สี', 'อย่าง', 'เรา']
Can't detect feature : สี (case:577, comment_id:1) from token : ['สี', 'นู้ด']
Can't detect feature : ติด (case:589, comment_id:1) from token : ['ติด']
Can't detect feature : เนื้อ (case:592, comment_id:1) from token : ['แต่', 'ติด', 'ไม่', 'ทน', 'เพราะ', 'เป็น', 'เนื้อ', 'ครีม']
Can't detect feature : สี (case:592, comment_id:1) from token : ['แต่', 'สี', 'อ่อน', 'คน', 'ปาก', 'ดำ', 'ไม่', 'แนะนำ', 'เพราะ', 'กลบ', 'สี', 'ปาก', 'ไม่', 'มิด']
Can't detect feature : สี (case:592, comment_id:1) from token : ['แต่', 'สี', 'อ่อน', 'คน', 'ปาก', 'ดำ', 'ไม่', 'แนะนำ', 'เพราะ', 'กลบ', 'สี', 'ปาก', 'ไม่', 'มิด']
case 3
Can't detect feature : สี (case:600, comment_id:1) from token : ['สี', 'ไม่เหมือน', 'เท่าไร']
Can't detect feature : สี (case:605, comment_id:1) from token : ['สี', 'อ่อน']
Can't detect feature : สี (case:606, comment_id:1) from token : ['อาจจะ', 'ไม่', 'เห็น', 'สี', 'เท่าไร']
Can't detect feature : สี (case:619, comment_id:1) from token : ['อยู่', 'หลาย', 'สี']
Can't detect feature : สี (case:632, comment_id:1) from token : ['สี', 'โดน', 'ใจ', 'มาก', 'ค่ะ']
Can't detect feature : สี (case:651, comment_id:1) from token : ['แต่', 'กลบ', 'สี', 'ปาก', 'ไม่ค่อย', 'มิด']
Can't detect feature : เนื้อ (case:652, comment_id:1) from token : ['เนื้อ', 'ลิป', 'เหมือน', 'ลิป', 'มัน', 'มี', 'สี']
Can't detect feature : สี (case:652, comment_id:1) from token : ['เนื้อ', 'ลิป', 'เหมือน', 'ลิป', 'มัน', 'มี', 'สี']
Can't detect feature : เนื้อ (case:655, comment_id:1) from token : ['แต่', 'อาจ', 'เป็นเพราะ', 'เป็น', 'เนื้อ', 'ครีม', 'เลย', 'ต้อง', 'ทา', 'หลาย', 'รอบ', 'หน่อย']
Can't detect feature : ติด (case:658, comment_id:1) from token : ['สี', 'ไม่', 'ติด', 'เลย']
Can't detect feature : สี (case:661, comment_id:1) from token : ['กลบ', 'สี', 'ปาก', 'มิด']
Can't detect feature : สี (case:665, comment_id:1) from token : ['สี', 'แซ', '่บ', 'มาก']
Can't detect feature : สี (case:684, comment_id:1) from token : ['สี', 'เหมือน', 'ใน', 'รู', 'ปเป๊ะ']
Can't detect feature : สี (case:687, comment_id:1) from token : ['สี', 'ใน', 'ตำนาน']
Can't detect feature : สี (case:689, comment_id:1) from token : ['สี', 'ออกไป', 'ทาง', 'คน', 'มีอายุ', 'นิด', 'นึง']
case 3
Can't detect feature : สี (case:692, comment_id:1) from token : ['สี', 'ดัง', 'ขอ', 'งแมค', 'อยู่แล้ว']
Can't detect feature : สี (case:694, comment_id:1) from token : ['สี', 'แซบ']
Can't detect feature : สี (case:701, comment_id:1) from token : ['สี', 'เร', 'ิ่ด', 'มาก']
Can't detect feature : สี (case:714, comment_id:1) from token : ['สี', 'อ่อน', 'โท', 'นนู๊ด', 'นิด']
Can't detect feature : สี (case:718, comment_id:1) from token : ['ต้อง', 'ผสม', 'กับ', 'สี', 'อื่น']
Can't detect feature : สี (case:727, comment_id:1) from token : ['เอา', 'มา', 'ผสม', 'กับ', 'สี', 'อื่น']
Can't detect feature : สี (case:730, comment_id:1) from token : ['สี', 'เหลือ', 'บ้าง', 'หลัง', 'ทาน', 'ข้าว', 'แล้ว']
Can't detect feature : สี (case:732, comment_id:1) from token : ['สี']
Can't detect feature : สี (case:748, comment_id:1) from token : ['สี', 'แซ', '่บ', 'ลืม']
Can't detect feature : สี (case:754, comment_id:1) from token : ['ตัว', 'นี้', 'สี', 'เป็น', 'พี', 'ชอม', 'ชมพู']
Can't detect feature : สี (case:756, comment_id:1) from token : ['สี', 'สวย', 'แต่', 'ปิด', 'สี', 'ปาก', 'ไม่', 'มิด']
Can't detect feature : สี (case:756, comment_id:1) from token : ['เรา', 'สี', 'ปาก', 'คล้ำ']
Can't detect feature : เนื้อ (case:757, comment_id:1) from token : ['เนื้อ', 'บาง', 'ไป', 'หน่อย', 'ค่ะ']
Can't detect feature : สี (case:760, comment_id:1) from token : ['ได้', 'สินค้า', 'ผิด', 'สี', 'ค่ะ']
case 3
Can't detect feature : สี (case:764, comment_id:1) from token : ['สี', 'ไม่', 'จัด', 'เกินไป']
Can't detect feature : สี (case:771, comment_id:1) from token : ['สี', 'ลิป', 'ออก', 'แดง', 'ชมพู', 'เข้ม', 'น้า']
Can't detect feature : สี (case:784, comment_id:1) from token : ['สี', 'ออก', 'โทน', 'นู้ด', 'อม', 'ส้ม', 'ค่ะ']
Can't detect feature : ติด (case:788, comment_id:1) from token : ['ทา', 'แล้ว', 'ไม่ค่อย', 'ติด', 'เท่าไหร่']
Can't detect feature : สี (case:802, comment_id:1) from token : ['สี', 'น่ารัก', 'มา', 'กก']
Can't detect feature : สี (case:811, comment_id:1) from token : ['สี', 'อ่อน', 'กว่า', 'ที่', 'คิด', '..', 'แต่', 'ก้อ', 'ชอบ', 'คะ']
Can't detect feature : สี (case:811, comment_id:1) from token : ['เดี๋ยว', 'จะ', 'รอ', 'สี', 'อื่น', 'อีก', 'ถ้า', 'มี', 'จะ', 'สั่ง', 'เพิ่ม', 'นะ', 'คะ']
Can't detect feature : สี (case:819, comment_id:1) from token : ['ลิป', 'สี', 'นี้', 'ออก', 'โทน', 'ชมพู', 'นะ', 'คะ', 'ไม่ใช่', 'แดง', 'สด']
Can't detect feature : สี (case:822, comment_id:1) from token : ['สี', 'อ่อน', 'ไป', 'หน่อย']
Can't detect feature : เนื้อ (case:824, comment_id:1) from token : ['เนื้อ', 'วา', 'วดี', 'ค่ะ']
Can't detect feature : สี (case:831, comment_id:1) from token : ['แต่', 'เรา', 'ว่า', 'สี', 'นี้', 'ไม่', 'เหมาะกับ', 'เรา', 'ค่ะ']
Can't detect feature : สี (case:831, comment_id:1) from token : ['แต่', 'ถ้า', 'ทา', 'ทับ', 'สี', 'แรง']
Can't detect feature : สี (case:840, comment_id:1) from token : ['สี', 'ออก', 'ส้ม', 'ใส']
Can't detect feature : สี (case:852, comment_id:1) from token : ['ลิป', 'กร', 'อส', 'สี', 'อ่อน', 'มาก']
Can't detect feature : สี (case:856, comment_id:1) from token : ['ม', 'ีก', 'ลิ', 'ตเ', 'ตอ', 'ร์', 'สี', 'ทอ', 'งแ', 'วา', 'วว']
Can't detect feature : สี (case:859, comment_id:1) from token : ['แต่', 'สี', 'อ่อน', 'ไปนิด', 'ค่ะ']
Can't detect feature : ติด (case:869, comment_id:1) from token : ['พก', 'ติด', 'ตัว', 'ตลอด']
case 3
Can't detect feature : สี (case:876, comment_id:1) from token : ['สี', 'ไม่', 'เข้ม', 'มาก']
case 3
Can't detect feature : สี (case:888, comment_id:1) from token : ['ไม่', 'ผิดหวัง', 'กับ', 'สี', 'จริง']
Can't detect feature : สี (case:897, comment_id:1) from token : ['สี', 'สว่าง', 'กว่า', 'ที่', 'คิด']
Can't detect feature : สี (case:903, comment_id:1) from token : ['สี', 'หายาก']
Can't detect feature : สี (case:910, comment_id:1) from token : ['สี', 'สวน']
Can't detect feature : สี (case:911, comment_id:1) from token : ['ปกปิด', 'สี', 'ปาก', 'ที่', 'ไม่', 'เท่ากัน', 'ได้', 'ดี']
