Can't detect feature : กันแดด (case:1, comment_id:925) from token : ['กันแดด']
Can't detect feature : กันแดด (case:1, comment_id:927) from token : ['เป็น', 'กันแดด', 'ที่ใช้', 'มา', 'หลาย', 'หลอด']
Can't detect feature : กันแดด (case:1, comment_id:928) from token : ['กันแดด']
Can't detect feature : แสงแดด (case:1, comment_id:996) from token : ['ส่วน', 'เรื่อง', 'ป้องกัน', 'จาก', 'แสงแดด']
Can't detect feature : แสงแดด (case:1, comment_id:1021) from token : ['กับ', 'คนที', '่่', 'เป็น', 'ห่วง', 'เรื่อง', 'ผิว', 'เมื่อ', 'อก', 'ไป', 'เผชิญ', 'กับ', 'แสงแดด', 'จัด']
Can't detect feature : กันแดด (case:1, comment_id:1042) from token : ['ยี่ห้อ', 'นี้', 'ขึ้นชื่อ', 'เรื่อง', 'กันแดด', 'อยู่แล้ว']
Can't detect feature : ซึม (case:1, comment_id:1056) from token : ['ซึม', 'ไว้', 'มาก']
Can't detect feature : ซึม (case:1, comment_id:1119) from token : ['แต่', 'สัก', 'พัก', 'จะ', 'ซึม', 'เข้า', 'ผิว']
Can't detect feature : ซึม (case:1, comment_id:1137) from token : ['รอ', 'ให้', 'ซึม', 'เข้า', 'ผิว', 'เอง', 'เลย', 'ค่ะ']
Can't detect feature : กันแดด (case:1, comment_id:1163) from token : ['เป็น', 'กันแดด', 'สูตร', 'เย็น']
Can't detect feature : กันแดด (case:1, comment_id:1234) from token : ['แต่', 'ก็', 'กันแดด']
Can't detect feature : ซึม (case:1, comment_id:1273) from token : ['ทา', 'แล้ว', 'ซึม', 'ไว้']
Can't detect feature : กลิ่น (case:1, comment_id:1277) from token : ['กลิ่น', 'อ่อน']
Can't detect feature : กันแดด (case:1, comment_id:1278) from token : ['เป็น', 'ครีม', 'กันแดด', 'เนื้อ', 'บาง', 'เบา', 'กว่า', 'สูตร', 'กีฬา', 'สีส้ม']
Can't detect feature : กันแดด (case:1, comment_id:1280) from token : ['กันแดด', 'ตอน', 'ไป', 'ทะเล', 'ได้', 'ดี', 'จริง', 'ค่ะ']
Can't detect feature : กันแดด (case:1, comment_id:1289) from token : ['ครีม', 'กันแดด', 'ตัว', 'นี้']
Can't detect feature : กันแดด (case:1, comment_id:1293) from token : ['กันแดด', 'ตัว', 'นี้']
Can't detect feature : กันแดด (case:1, comment_id:1295) from token : ['เลิฟ', 'สุด', 'ใน', 'บรรดา', 'กันแดด']
Can't detect feature : กันแดด (case:1, comment_id:1313) from token : ['ขึ้นชื่อ', 'แบรนด์', 'กันแดด', 'ที่', 'โด่งดัง']
Can't detect feature : กันแดด (case:1, comment_id:1354) from token : ['ตัว', 'นี้', 'กันแดด', 'ได', '้ด', 'ีม้', 'าก']
Can't detect feature : กลิ่น (case:1, comment_id:1364) from token : ['กลิ่น', 'เหมือน', 'รุ่น', 'ที่', 'ทา', 'ตัว', 'ปกติ']
Can't detect feature : กันแดด (case:1, comment_id:1375) from token : ['ทา', 'กันแดด']
Can't detect feature : กันแดด (case:1, comment_id:1397) from token : ['กันแดด', 'อยู่']
Can't detect feature : ซึม (case:2, comment_id:1400) from token : ['แต', '่เนืื้อ', 'เหนียว', 'ไปนิด', 'แต่', 'ซึม', 'เร็ว', 'ดี']
Can't detect feature : ซึม (case:1, comment_id:1403) from token : ['แต่', 'สัก', 'พัก', 'จะ', 'ซึม', 'เข้า', 'ผิว', 'ค่ะ']
Can't detect feature : ซึม (case:1, comment_id:1405) from token : ['ทา', 'แล้ว', 'เหมือน', 'เหนอะ', 'แต่', 'สัก', 'พัก', 'ก็', 'ซึม', 'ค่ะ']
Can't detect feature : กันแดด (case:1, comment_id:1405) from token : ['ใช้', 'แต่', 'ยี่ห้อ', 'นี้', 'ค่ะ', 'กันแดด']
Can't detect feature : กันแดด (case:1, comment_id:1414) from token : ['แต่', 'ก้อ', 'กันแดด']
Can't detect feature : กันแดด (case:1, comment_id:1450) from token : ['ทาง่าย', 'ค่ะ', 'แต่', 'ก็', 'ยัง', 'เหนอะ', 'หน่อย', 'แต่', 'ก็', 'ทาง่าย', 'กว่า', 'กันแดด', 'ตัว', 'อื่น', 'เลย']
Can't detect feature : กันแดด (case:1, comment_id:1489) from token : ['ตัว', 'นี้', 'กันแดด']
Can't detect feature : กันแดด (case:1, comment_id:1500) from token : ['รู้สึก', 'ว่า', 'ทา', 'ครีม', 'กันแดด', 'เหมือน', 'ไม่ได้', 'ทา']
Can't detect feature : กลิ่น (case:1, comment_id:1520) from token : ['เหมือน', 'กลิ่น', 'ขนม', 'ถ้วย', 'ฟู']
Can't detect feature : กันแดด (case:1, comment_id:1531) from token : ['กันแดด']
Can't detect feature : กันแดด (case:1, comment_id:1545) from token : ['กันแดด', 'บา', 'นา', 'น่', 'าโ', 'บ๊ท']
Can't detect feature : กันแดด (case:1, comment_id:1557) from token : ['กันแดด']
Can't detect feature : กันแดด (case:1, comment_id:1566) from token : ['กันแดด', 'ได้', 'ระดับ', 'นึง']
Can't detect feature : กันแดด (case:1, comment_id:1587) from token : ['ทา', 'ที', 'เพื่อน', 'รู้', 'เลย', 'ว่า', 'ทา', 'กันแดด', 'ตัว', 'นี้', 'มา']
Can't detect feature : กันแดด (case:1, comment_id:1620) from token : ['ทา', 'ครีม', 'กันแดด', 'แล้ว']
Can't detect feature : ซึม (case:1, comment_id:1630) from token : ['ซึม', 'ซา', 'บดี', 'มาก']
Can't detect feature : กลิ่น (case:1, comment_id:1647) from token : ['กลิ่น', 'แอ', 'ลก', 'อฮอ', 'ร์', 'ไม่ค่อย', 'แรง', 'เหมือน', 'สีฟ้า']
Can't detect feature : ซึม (case:1, comment_id:1692) from token : ['ซึม', 'เข้า', 'ผิ', 'วไ', 'วด', 'ีี', 'ค่ะ']
Can't detect feature : กันแดด (case:1, comment_id:1696) from token : ['ที่สุด', 'ของ', 'กันแดด', 'ล่ะ', 'ม้าง']
Can't detect feature : กลิ่น (case:1, comment_id:1698) from token : ['เพราะ', 'กลิ่น', 'นี้', 'มา', 'เลย']
Can't detect feature : กลิ่น (case:1, comment_id:1721) from token : ['เเต่', 'กลิ่น', 'al', 'c.']
Can't detect feature : กลิ่น (case:1, comment_id:1726) from token : ['แต่', 'กลิ่น', 'แอ', 'ลก', 'อฮอ', 'ร์', 'แรง', 'ไปนิด']
Can't detect feature : กลิ่น (case:1, comment_id:1749) from token : ['บีบ', 'ออกมา', 'กลิ่น', 'แอลกอฮอล์', 'มา', 'เลย']
Can't detect feature : กันแดด (case:1, comment_id:1751) from token : ['ครีม', 'กันแดด']
Can't detect feature : กันแดด (case:1, comment_id:1758) from token : ['กันแดด', 'เต็ม']
Can't detect feature : ซึม (case:1, comment_id:1773) from token : ['ซึม', 'เข้า', 'ผิ', 'วดี']
Can't detect feature : กันแดด (case:1, comment_id:1792) from token : ['เป็น', 'กันแดด', 'ที่', 'ซื้อ', 'ใช้ซ้ำ', 'มากที่สุด']
Can't detect feature : กันแดด (case:1, comment_id:1804) from token : ['ใช้', 'กันแดด', 'ได้', 'ทั้ง', 'ผิว', 'หน้า']
Can't detect feature : กันแดด (case:1, comment_id:1805) from token : ['ใช้', 'เป็น', 'กันแดด', 'ทา', 'ผิว', 'กาย']
Can't detect feature : กันแดด (case:1, comment_id:1806) from token : ['ครีม', 'กันแดด', 'ตัว', 'นี', '้เล', 'ิส', 'ค่ะ']
Can't detect feature : กันแดด (case:1, comment_id:1822) from token : ['นึก', 'ถึง', 'ตัว', 'นี่', 'ตัว', 'แรก', 'เลย', 'กันแดด']
Can't detect feature : กันแดด (case:1, comment_id:1826) from token : ['เป็น', 'ครีม', 'กันแดด', 'ที่', 'ซึม', 'ลง', 'ผิว', 'ได้', 'เร็ว']
Can't detect feature : แสงแดด (case:1, comment_id:1828) from token : ['แต่', 'ระดับ', 'การป้องกัน', 'แสงแดด', 'ยัง', 'ไม่ค่อย', 'พอใจ', 'เท่าไหร่']
Can't detect feature : กันแดด (case:1, comment_id:1872) from token : ['แต่', 'อาจจะ', 'เป็นปกติ', 'ของ', 'ครีม', 'กันแดด']
Can't detect feature : กันแดด (case:1, comment_id:1951) from token : ['เป็น', 'กันแดด']
Can't detect feature : กันแดด (case:1, comment_id:1956) from token : ['ไม่', 'รู้', 'กันแดด', 'เสถียร', 'มั้ย', 'เพราะ', 'ช่วง', 'นี้', 'ไม่ค่อย', 'มี', 'แดด']
Can't detect feature : ซึม (case:1, comment_id:1961) from token : ['ทา', 'แล้ว', 'ซึม', 'เข้า', 'แขน', 'หายไป', 'เลย']
Can't detect feature : กันแดด (case:1, comment_id:2000) from token : ['ตัว', 'เดียว', 'จบ', 'ทั้ง', 'กันแดด', 'และ']
Can't detect feature : กันแดด (case:1, comment_id:2004) from token : ['เป็น', 'กันแดด', 'ที่']
Can't detect feature : ซึม (case:1, comment_id:2022) from token : ['แต่', 'พอ', 'ถู', 'แล้ว', 'จะ', 'กลายเป็น', 'น้ำ', 'ซึม', 'ลง', 'ผิว', 'ไป', 'เลย']
Can't detect feature : ซึม (case:1, comment_id:2030) from token : ['ทา', 'แล้ว', 'ซึม', 'เข้า', 'ผิว']
Can't detect feature : กันแดด (case:1, comment_id:2038) from token : ['กันแดด', 'สุด']
Can't detect feature : กันแดด (case:1, comment_id:2042) from token : ['เป็น', 'ครีม', 'กันแดด', 'ที่ใช้', 'มา', 'หลาย', 'ปี']
Can't detect feature : กันแดด (case:1, comment_id:2046) from token : ['ไม่', 'เสาะ', 'แสวงหา', 'กันแดด', 'ตัว', 'อื่น', 'แล้ว', 'ค่ะ']
Can't detect feature : กลิ่น (case:1, comment_id:2069) from token : ['แ', 'พคเ', 'กจ', 'ไม่เหมือน', 'ที่', 'ขาย', 'ตาม', 'ร้าน', 'แต่', 'กลิ่น', 'และ', 'สัมผัส', 'เหมือนกัน', 'ค่ะ']
Can't detect feature : กันแดด (case:1, comment_id:2157) from token : ['และ', 'กันแดด', 'ใน', 'ตัว']
